This is pdfTeX, Version 3.1415926-2.5-1.40.14 (TeX Live 2013) (format=pdflatex 2020.5.9)  29 MAR 2023 22:09
entering extended mode
 restricted \write18 enabled.
 %&-line parsing enabled.
**Feature_Parcel_Correlations.tex
(./Feature_Parcel_Correlations.tex
LaTeX2e <2011/06/27>
Babel <v3.8m> and hyphenation patterns for english, dumylang, nohyphenation, uk
rainian, russian, bulgarian, loaded.
(/usr/share/texlive/texmf-dist/tex/latex/base/article.cls
Document Class: article 2007/10/19 v1.4h Standard LaTeX document class
(/usr/share/texlive/texmf-dist/tex/latex/base/size10.clo
File: size10.clo 2007/10/19 v1.4h Standard LaTeX file (size option)
)
\c@part=\count79
\c@section=\count80
\c@subsection=\count81
\c@subsubsection=\count82
\c@paragraph=\count83
\c@subparagraph=\count84
\c@figure=\count85
\c@table=\count86
\abovecaptionskip=\skip41
\belowcaptionskip=\skip42
\bibindent=\dimen102
)
(/usr/share/texlive/texmf-dist/tex/latex/graphics/graphicx.sty
Package: graphicx 1999/02/16 v1.0f Enhanced LaTeX Graphics (DPC,SPQR)

(/usr/share/texlive/texmf-dist/tex/latex/graphics/keyval.sty
Package: keyval 1999/03/16 v1.13 key=value parser (DPC)
\KV@toks@=\toks14
)
(/usr/share/texlive/texmf-dist/tex/latex/graphics/graphics.sty
Package: graphics 2009/02/05 v1.0o Standard LaTeX Graphics (DPC,SPQR)

(/usr/share/texlive/texmf-dist/tex/latex/graphics/trig.sty
Package: trig 1999/03/16 v1.09 sin cos tan (DPC)
)
(/usr/share/texlive/texmf-dist/tex/latex/latexconfig/graphics.cfg
File: graphics.cfg 2010/04/23 v1.9 graphics configuration of TeX Live
)
Package graphics Info: Driver file: pdftex.def on input line 91.

(/usr/share/texlive/texmf-dist/tex/latex/pdftex-def/pdftex.def
File: pdftex.def 2011/05/27 v0.06d Graphics/color for pdfTeX

(/usr/share/texlive/texmf-dist/tex/generic/oberdiek/infwarerr.sty
Package: infwarerr 2010/04/08 v1.3 Providing info/warning/error messages (HO)
)
(/usr/share/texlive/texmf-dist/tex/generic/oberdiek/ltxcmds.sty
Package: ltxcmds 2011/11/09 v1.22 LaTeX kernel commands for general use (HO)
)
\Gread@gobject=\count87
))
\Gin@req@height=\dimen103
\Gin@req@width=\dimen104
)
(/usr/share/texlive/texmf-dist/tex/latex/xcolor/xcolor.sty
Package: xcolor 2007/01/21 v2.11 LaTeX color extensions (UK)

(/usr/share/texlive/texmf-dist/tex/latex/latexconfig/color.cfg
File: color.cfg 2007/01/18 v1.5 color configuration of teTeX/TeXLive
)
Package xcolor Info: Driver file: pdftex.def on input line 225.
Package xcolor Info: Model `cmy' substituted by `cmy0' on input line 1337.
Package xcolor Info: Model `hsb' substituted by `rgb' on input line 1341.
Package xcolor Info: Model `RGB' extended on input line 1353.
Package xcolor Info: Model `HTML' substituted by `rgb' on input line 1355.
Package xcolor Info: Model `Hsb' substituted by `hsb' on input line 1356.
Package xcolor Info: Model `tHsb' substituted by `hsb' on input line 1357.
Package xcolor Info: Model `HSB' substituted by `hsb' on input line 1358.
Package xcolor Info: Model `Gray' substituted by `gray' on input line 1359.
Package xcolor Info: Model `wave' substituted by `hsb' on input line 1360.
)
(/usr/share/texlive/texmf-dist/tex/latex/framed/framed.sty
Package: framed 2011/10/22 v 0.96: framed or shaded text with page breaks
\OuterFrameSep=\skip43
\fb@frw=\dimen105
\fb@frh=\dimen106
\FrameRule=\dimen107
\FrameSep=\dimen108
)
(/usr/share/texlive/texmf-dist/tex/latex/base/alltt.sty
Package: alltt 1997/06/16 v2.0g defines alltt environment
)
(/usr/share/texlive/texmf-dist/tex/latex/preprint/fullpage.sty
Package: fullpage 1999/02/23 1.1 (PWD)
\FP@margin=\skip44
)
(/usr/share/texlive/texmf-dist/tex/latex/upquote/upquote.sty
Package: upquote 2012/04/19 v1.3 upright-quote and grave-accent glyphs in verba
tim
)
(./Feature_Parcel_Correlations.aux)
\openout1 = `Feature_Parcel_Correlations.aux'.

LaTeX Font Info:    Checking defaults for OML/cmm/m/it on input line 58.
LaTeX Font Info:    ... okay on input line 58.
LaTeX Font Info:    Checking defaults for T1/cmr/m/n on input line 58.
LaTeX Font Info:    ... okay on input line 58.
LaTeX Font Info:    Checking defaults for OT1/cmr/m/n on input line 58.
LaTeX Font Info:    ... okay on input line 58.
LaTeX Font Info:    Checking defaults for OMS/cmsy/m/n on input line 58.
LaTeX Font Info:    ... okay on input line 58.
LaTeX Font Info:    Checking defaults for OMX/cmex/m/n on input line 58.
LaTeX Font Info:    ... okay on input line 58.
LaTeX Font Info:    Checking defaults for U/cmr/m/n on input line 58.
LaTeX Font Info:    ... okay on input line 58.

(/usr/share/texlive/texmf-dist/tex/context/base/supp-pdf.mkii
[Loading MPS to PDF converter (version 2006.09.02).]
\scratchcounter=\count88
\scratchdimen=\dimen109
\scratchbox=\box26
\nofMPsegments=\count89
\nofMParguments=\count90
\everyMPshowfont=\toks15
\MPscratchCnt=\count91
\MPscratchDim=\dimen110
\MPnumerator=\count92
\makeMPintoPDFobject=\count93
\everyMPtoPDFconversion=\toks16
) (/usr/share/texlive/texmf-dist/tex/generic/oberdiek/pdftexcmds.sty
Package: pdftexcmds 2011/11/29 v0.20 Utility functions of pdfTeX for LuaTeX (HO
)

(/usr/share/texlive/texmf-dist/tex/generic/oberdiek/ifluatex.sty
Package: ifluatex 2010/03/01 v1.3 Provides the ifluatex switch (HO)
Package ifluatex Info: LuaTeX not detected.
)
(/usr/share/texlive/texmf-dist/tex/generic/oberdiek/ifpdf.sty
Package: ifpdf 2011/01/30 v2.3 Provides the ifpdf switch (HO)
Package ifpdf Info: pdfTeX in PDF mode is detected.
)
Package pdftexcmds Info: LuaTeX not detected.
Package pdftexcmds Info: \pdf@primitive is available.
Package pdftexcmds Info: \pdf@ifprimitive is available.
Package pdftexcmds Info: \pdfdraftmode found.
)
(/usr/share/texlive/texmf-dist/tex/latex/oberdiek/epstopdf-base.sty
Package: epstopdf-base 2010/02/09 v2.5 Base part for package epstopdf

(/usr/share/texlive/texmf-dist/tex/latex/oberdiek/grfext.sty
Package: grfext 2010/08/19 v1.1 Manage graphics extensions (HO)

(/usr/share/texlive/texmf-dist/tex/generic/oberdiek/kvdefinekeys.sty
Package: kvdefinekeys 2011/04/07 v1.3 Define keys (HO)
))
(/usr/share/texlive/texmf-dist/tex/latex/oberdiek/kvoptions.sty
Package: kvoptions 2011/06/30 v3.11 Key value format for package options (HO)

(/usr/share/texlive/texmf-dist/tex/generic/oberdiek/kvsetkeys.sty
Package: kvsetkeys 2012/04/25 v1.16 Key value parser (HO)

(/usr/share/texlive/texmf-dist/tex/generic/oberdiek/etexcmds.sty
Package: etexcmds 2011/02/16 v1.5 Avoid name clashes with e-TeX commands (HO)
Package etexcmds Info: Could not find \expanded.
(etexcmds)             That can mean that you are not using pdfTeX 1.50 or
(etexcmds)             that some package has redefined \expanded.
(etexcmds)             In the latter case, load this package earlier.
)))
Package grfext Info: Graphics extension search list:
(grfext)             [.png,.pdf,.jpg,.mps,.jpeg,.jbig2,.jb2,.PNG,.PDF,.JPG,.JPE
G,.JBIG2,.JB2,.eps]
(grfext)             \AppendGraphicsExtensions on input line 452.

(/usr/share/texlive/texmf-dist/tex/latex/latexconfig/epstopdf-sys.cfg
File: epstopdf-sys.cfg 2010/07/13 v1.3 Configuration of (r)epstopdf for TeX Liv
e
))
[1

{/usr/share/texlive/texmf/fonts/map/pdftex/updmap/pdftex.map}]
<figure/code2legend-1.pdf, id=8, 542.025pt x 21.07875pt>
File: figure/code2legend-1.pdf Graphic file (type pdf)

<use figure/code2legend-1.pdf>
Package pdftex.def Info: figure/code2legend-1.pdf used on input line 90.
(pdftex.def)             Requested size: 542.02367pt x 21.07932pt.
 [2 <./figure/code2legend-1.pdf>]
<figure/code4legend-1.pdf, id=17, 542.025pt x 21.07875pt>
File: figure/code4legend-1.pdf Graphic file (type pdf)

<use figure/code4legend-1.pdf>
Package pdftex.def Info: figure/code4legend-1.pdf used on input line 106.
(pdftex.def)             Requested size: 542.02367pt x 21.07932pt.
 <figure/code4-1.pdf, id=18, 578.16pt x 72.27pt>
File: figure/code4-1.pdf Graphic file (type pdf)

<use figure/code4-1.pdf>
Package pdftex.def Info: figure/code4-1.pdf used on input line 122.
(pdftex.def)             Requested size: 542.02501pt x 67.75624pt.
 <figure/code4-2.pdf, id=19, 578.16pt x 72.27pt>
File: figure/code4-2.pdf Graphic file (type pdf)

<use figure/code4-2.pdf>
Package pdftex.def Info: figure/code4-2.pdf used on input line 131.
(pdftex.def)             Requested size: 542.02501pt x 67.75624pt.
 <figure/code4-3.pdf, id=20, 578.16pt x 72.27pt>
File: figure/code4-3.pdf Graphic file (type pdf)

<use figure/code4-3.pdf>
Package pdftex.def Info: figure/code4-3.pdf used on input line 140.
(pdftex.def)             Requested size: 542.02501pt x 67.75624pt.
 <figure/code4-4.pdf, id=21, 578.16pt x 72.27pt>
File: figure/code4-4.pdf Graphic file (type pdf)

<use figure/code4-4.pdf>
Package pdftex.def Info: figure/code4-4.pdf used on input line 149.
(pdftex.def)             Requested size: 542.02501pt x 67.75624pt.
 [3 <./figure/code4legend-1.pdf> <./figure/code4-1.pdf> <./figure/code4-2.pdf> 
<./figure/code4-3.pdf> <./figure/code4-4.pdf>]
<figure/code4-5.pdf, id=254, 578.16pt x 72.27pt>
File: figure/code4-5.pdf Graphic file (type pdf)
 <use figure/code4-5.pdf>
Package pdftex.def Info: figure/code4-5.pdf used on input line 162.
(pdftex.def)             Requested size: 542.02501pt x 67.75624pt.

<figure/code4-6.pdf, id=255, 578.16pt x 72.27pt>
File: figure/code4-6.pdf Graphic file (type pdf)
 <use figure/code4-6.pdf>
Package pdftex.def Info: figure/code4-6.pdf used on input line 171.
(pdftex.def)             Requested size: 542.02501pt x 67.75624pt.

<figure/code4-7.pdf, id=256, 578.16pt x 72.27pt>
File: figure/code4-7.pdf Graphic file (type pdf)
 <use figure/code4-7.pdf>
Package pdftex.def Info: figure/code4-7.pdf used on input line 180.
(pdftex.def)             Requested size: 542.02501pt x 67.75624pt.

<figure/code4-8.pdf, id=257, 578.16pt x 72.27pt>
File: figure/code4-8.pdf Graphic file (type pdf)
 <use figure/code4-8.pdf>
Package pdftex.def Info: figure/code4-8.pdf used on input line 189.
(pdftex.def)             Requested size: 542.02501pt x 67.75624pt.

[4 <./figure/code4-5.pdf> <./figure/code4-6.pdf> <./figure/code4-7.pdf> <./figu
re/code4-8.pdf>] (./Feature_Parcel_Correlations.aux) ) 
Here is how much of TeX's memory you used:
 2093 strings out of 494820
 29138 string characters out of 3178050
 86115 words of memory out of 3000000
 5270 multiletter control sequences out of 15000+200000
 3808 words of font info for 15 fonts, out of 3000000 for 9000
 198 hyphenation exceptions out of 8191
 38i,5n,35p,579b,175s stack positions out of 5000i,500n,10000p,200000b,50000s
</usr/share/texlive/texmf
-dist/fonts/type1/public/amsfonts/cm/cmr10.pfb></usr/share/texlive/texmf-dist/f
onts/type1/public/amsfonts/cm/cmtt10.pfb>
Output written on Feature_Parcel_Correlations.pdf (4 pages, 798393 bytes).
PDF statistics:
 493 PDF objects out of 1000 (max. 8388607)
 64 compressed objects within 1 object stream
 0 named destinations out of 1000 (max. 500000)
 51 words of extra memory for PDF output out of 10000 (max. 10000000)

